This is pdfTeX, Version 3.141592653-2.6-1.40.26 (MiKTeX 24.4) (preloaded format=pdflatex 2024.8.6)  1 APR 2025 13:26
entering extended mode
 restricted \write18 enabled.
 %&-line parsing enabled.
**./main.tex
(main.tex
LaTeX2e <2023-11-01> patch level 1
L3 programming layer <2024-02-13>
(/home/felipetrost/.miktex/texmfs/install/tex/latex/koma-script/scrbook.cls
Document Class: scrbook 2023/07/07 v3.41 KOMA-Script document class (book)
(/home/felipetrost/.miktex/texmfs/install/tex/latex/koma-script/scrkbase.sty
Package: scrkbase 2023/07/07 v3.41 KOMA-Script package (KOMA-Script-dependent b
asics and keyval usage)

(/home/felipetrost/.miktex/texmfs/install/tex/latex/koma-script/scrbase.sty
Package: scrbase 2023/07/07 v3.41 KOMA-Script package (KOMA-Script-independent 
basics and keyval usage)

(/home/felipetrost/.miktex/texmfs/install/tex/latex/koma-script/scrlfile.sty
Package: scrlfile 2023/07/07 v3.41 KOMA-Script package (file load hooks)

(/home/felipetrost/.miktex/texmfs/install/tex/latex/koma-script/scrlfile-hook.s
ty
Package: scrlfile-hook 2023/07/07 v3.41 KOMA-Script package (using LaTeX hooks)

 (/home/felipetrost/.miktex/texmfs/install/tex/latex/koma-script/scrlogo.sty
Package: scrlogo 2023/07/07 v3.41 KOMA-Script package (logo)
))) (/home/felipetrost/.miktex/texmfs/install/tex/latex/graphics/keyval.sty
Package: keyval 2022/05/29 v1.15 key=value parser (DPC)
\KV@toks@=\toks17
)
Applying: [2021/05/01] Usage of raw or classic option list on input line 252.
Already applied: [0000/00/00] Usage of raw or classic option list on input line
 368.
))
(/home/felipetrost/.miktex/texmfs/install/tex/latex/koma-script/tocbasic.sty
Package: tocbasic 2023/07/07 v3.41 KOMA-Script package (handling toc-files)
\scr@dte@tocline@numberwidth=\skip48
\scr@dte@tocline@numbox=\box51
)
Package tocbasic Info: omitting babel extension for `toc'
(tocbasic)             because of feature `nobabel' available
(tocbasic)             for `toc' on input line 135.
Package scrbook Info: You've used standard option `11pt'.
(scrbook)             This is correct!
(scrbook)             Internally I'm using `fontsize=11pt'.
(scrbook)             If you'd like to set the option with \KOMAoptions,
(scrbook)             you'd have to use `fontsize=11pt' there
(scrbook)             instead of `11pt', too.
Class scrbook Info: File `scrsize11pt.clo' used to setup font sizes on input li
ne 2691.

(/home/felipetrost/.miktex/texmfs/install/tex/latex/koma-script/scrsize11pt.clo
File: scrsize11pt.clo 2023/07/07 v3.41 KOMA-Script font size class option (11pt
)
) (/home/felipetrost/.miktex/texmfs/install/tex/latex/koma-script/typearea.sty
Package: typearea 2023/07/07 v3.41 KOMA-Script package (type area)
\ta@bcor=\skip49
\ta@div=\count188
Package typearea Info: You've used standard option `a4paper'.
(typearea)             This is correct!
(typearea)             Internally I'm using `paper=a4'.
(typearea)             If you'd like to set the option with \KOMAoptions,
(typearea)             you'd have to use `paper=a4' there
(typearea)             instead of `a4paper', too.
\ta@hblk=\skip50
\ta@vblk=\skip51
\ta@temp=\skip52
\footheight=\skip53
Package typearea Info: These are the values describing the layout:
(typearea)             DIV  = 10
(typearea)             BCOR = 0.0pt
(typearea)             \paperwidth      = 597.50793pt
(typearea)              \textwidth      = 418.25555pt
(typearea)              DIV departure   = -6%
(typearea)              \evensidemargin = 47.2316pt
(typearea)              \oddsidemargin  = -12.5192pt
(typearea)             \paperheight     = 845.04694pt
(typearea)              \textheight     = 595.80026pt
(typearea)              \topmargin      = -25.16531pt
(typearea)              \headheight     = 17.0pt
(typearea)              \headsep        = 20.40001pt
(typearea)              \topskip        = 11.0pt
(typearea)              \footskip       = 47.6pt
(typearea)              \baselineskip   = 13.6pt
(typearea)              on input line 1799.
)
\c@part=\count189
\c@chapter=\count190
\c@section=\count191
\c@subsection=\count192
\c@subsubsection=\count193
\c@paragraph=\count194
\c@subparagraph=\count195
\scr@dte@chapter@maxnumwidth=\skip54
Class scrbook Info: using compatibility default `afterindent=bysign'
(scrbook)           for `\chapter on input line 5990.
\scr@dte@section@maxnumwidth=\skip55
Class scrbook Info: using compatibility default `runin=bysign'
(scrbook)           for `\section on input line 6001.
Class scrbook Info: using compatibility default `afterindent=bysign'
(scrbook)           for `\section on input line 6001.
\scr@dte@part@maxnumwidth=\skip56
Class scrbook Info: using compatibility default `afterindent=true'
(scrbook)           for `\part on input line 6010.
\scr@dte@subsection@maxnumwidth=\skip57
Class scrbook Info: using compatibility default `runin=bysign'
(scrbook)           for `\subsection on input line 6020.
Class scrbook Info: using compatibility default `afterindent=bysign'
(scrbook)           for `\subsection on input line 6020.
\scr@dte@subsubsection@maxnumwidth=\skip58
Class scrbook Info: using compatibility default `runin=bysign'
(scrbook)           for `\subsubsection on input line 6030.
Class scrbook Info: using compatibility default `afterindent=bysign'
(scrbook)           for `\subsubsection on input line 6030.
\scr@dte@paragraph@maxnumwidth=\skip59
Class scrbook Info: using compatibility default `runin=bysign'
(scrbook)           for `\paragraph on input line 6041.
Class scrbook Info: using compatibility default `afterindent=bysign'
(scrbook)           for `\paragraph on input line 6041.
\scr@dte@subparagraph@maxnumwidth=\skip60
Class scrbook Info: using compatibility default `runin=bysign'
(scrbook)           for `\subparagraph on input line 6051.
Class scrbook Info: using compatibility default `afterindent=bysign'
(scrbook)           for `\subparagraph on input line 6051.
\abovecaptionskip=\skip61
\belowcaptionskip=\skip62
\c@pti@nb@sid@b@x=\box52
Package tocbasic Info: omitting babel extension for `lof'
(tocbasic)             because of feature `nobabel' available
(tocbasic)             for `lof' on input line 7242.
\scr@dte@figure@maxnumwidth=\skip63
\c@figure=\count196
Package tocbasic Info: omitting babel extension for `lot'
(tocbasic)             because of feature `nobabel' available
(tocbasic)             for `lot' on input line 7259.
\scr@dte@table@maxnumwidth=\skip64
\c@table=\count197
Class scrbook Info: Redefining `\numberline' on input line 7430.
\bibindent=\dimen140
)

LaTeX Warning: \include should only be used after \begin{document} on input lin
e 34.

(style/style.tex
(/home/felipetrost/.miktex/texmfs/install/tex/latex/a4wide/a4wide.sty
Package: a4wide 1994/08/30

(/home/felipetrost/.miktex/texmfs/install/tex/latex/ntgclass/a4.sty
Package: a4 2023/01/10 v1.2g A4 based page layout
))
(/home/felipetrost/.miktex/texmfs/install/tex/latex/tools/verbatim.sty
Package: verbatim 2023-11-06 v1.5v LaTeX2e package for verbatim enhancements
\every@verbatim=\toks18
\verbatim@line=\toks19
\verbatim@in@stream=\read2
)
(/home/felipetrost/.miktex/texmfs/install/tex/latex/appendix/appendix.sty
Package: appendix 2020/02/08 v1.2c extra appendix facilities
\c@@pps=\count198
\c@@ppsavesec=\count199
\c@@ppsaveapp=\count266
)
(/home/felipetrost/.miktex/texmfs/install/tex/latex/acronym/acronym.sty
Package: acronym 2020/04/17 v1.47 Support for acronyms (Tobias Oetiker)

(/home/felipetrost/.miktex/texmfs/install/tex/latex/bigfoot/suffix.sty
Package: suffix 2006/07/15 1.5a Variant command support
)
(/home/felipetrost/.miktex/texmfs/install/tex/latex/xstring/xstring.sty
(/home/felipetrost/.miktex/texmfs/install/tex/generic/xstring/xstring.tex
\xs_counta=\count267
\xs_countb=\count268
)
Package: xstring 2023/08/22 v1.86 String manipulations (CT)
)
\AC@clearlist=\toks20
)
(/home/felipetrost/.miktex/texmfs/install/tex/latex/amscls/amsthm.sty
Package: amsthm 2020/05/29 v2.20.6
\thm@style=\toks21
\thm@bodyfont=\toks22
\thm@headfont=\toks23
\thm@notefont=\toks24
\thm@headpunct=\toks25
\thm@preskip=\skip65
\thm@postskip=\skip66
\thm@headsep=\skip67
\dth@everypar=\toks26
)
(/home/felipetrost/.miktex/texmfs/install/tex/latex/xpatch/xpatch.sty
(/home/felipetrost/.miktex/texmfs/install/tex/latex/l3kernel/expl3.sty
Package: expl3 2024-02-13 L3 programming layer (loader) 

(/home/felipetrost/.miktex/texmfs/install/tex/latex/l3backend/l3backend-pdftex.
def
File: l3backend-pdftex.def 2024-01-04 L3 backend support: PDF output (pdfTeX)
\l__color_backend_stack_int=\count269
\l__pdf_internal_box=\box53
))
Package: xpatch 2020/03/25 v0.3a Extending etoolbox patching commands

(/home/felipetrost/.miktex/texmfs/install/tex/latex/l3packages/xparse/xparse.st
y
Package: xparse 2024-02-13 L3 Experimental document command parser
) (/home/felipetrost/.miktex/texmfs/install/tex/latex/etoolbox/etoolbox.sty
Package: etoolbox 2020/10/05 v2.5k e-TeX tools for LaTeX (JAW)
\etb@tempcnta=\count270
))
Class scrbook Info: amsthm's \deferred@thm@head patched.

(/home/felipetrost/.miktex/texmfs/install/tex/latex/xcolor/xcolor.sty
Package: xcolor 2023/11/15 v3.01 LaTeX color extensions (UK)

(/home/felipetrost/.miktex/texmfs/install/tex/latex/graphics-cfg/color.cfg
File: color.cfg 2016/01/02 v1.6 sample color configuration
)
Package xcolor Info: Driver file: pdftex.def on input line 274.

(/home/felipetrost/.miktex/texmfs/install/tex/latex/graphics-def/pdftex.def
File: pdftex.def 2022/09/22 v1.2b Graphics/color driver for pdftex
)
(/home/felipetrost/.miktex/texmfs/install/tex/latex/graphics/mathcolor.ltx)
Package xcolor Info: Model `cmy' substituted by `cmy0' on input line 1350.
Package xcolor Info: Model `hsb' substituted by `rgb' on input line 1354.
Package xcolor Info: Model `RGB' extended on input line 1366.
Package xcolor Info: Model `HTML' substituted by `rgb' on input line 1368.
Package xcolor Info: Model `Hsb' substituted by `hsb' on input line 1369.
Package xcolor Info: Model `tHsb' substituted by `hsb' on input line 1370.
Package xcolor Info: Model `HSB' substituted by `hsb' on input line 1371.
Package xcolor Info: Model `Gray' substituted by `gray' on input line 1372.
Package xcolor Info: Model `wave' substituted by `hsb' on input line 1373.
)
(/home/felipetrost/.miktex/texmfs/install/tex/latex/geometry/geometry.sty
Package: geometry 2020/01/02 v5.9 Page Geometry

(/home/felipetrost/.miktex/texmfs/install/tex/generic/iftex/ifvtex.sty
Package: ifvtex 2019/10/25 v1.7 ifvtex legacy package. Use iftex instead.

(/home/felipetrost/.miktex/texmfs/install/tex/generic/iftex/iftex.sty
Package: iftex 2022/02/03 v1.0f TeX engine tests
))
\Gm@cnth=\count271
\Gm@cntv=\count272
\c@Gm@tempcnt=\count273
\Gm@bindingoffset=\dimen141
\Gm@wd@mp=\dimen142
\Gm@odd@mp=\dimen143
\Gm@even@mp=\dimen144
\Gm@layoutwidth=\dimen145
\Gm@layoutheight=\dimen146
\Gm@layouthoffset=\dimen147
\Gm@layoutvoffset=\dimen148
\Gm@dimlist=\toks27

(/home/felipetrost/.miktex/texmfs/install/tex/latex/geometry/geometry.cfg))
(style/noindent.sty)
(/home/felipetrost/.miktex/texmfs/install/tex/latex/url/url.sty
\Urlmuskip=\muskip16
Package: url 2013/09/16  ver 3.4  Verb mode for urls, etc.
)
(/home/felipetrost/.miktex/texmfs/install/tex/latex/hyphenat/hyphenat.sty
Package: hyphenat 2009/09/02 v2.3c hyphenation utilities
\langwohyphens=\language2
LaTeX Info: Redefining \_ on input line 43.
)
(/home/felipetrost/.miktex/texmfs/install/tex/latex/psnfss/mathpazo.sty
Package: mathpazo 2020/03/25 PSNFSS-v9.3 Palatino w/ Pazo Math (D.Puga, WaS) 
\symupright=\mathgroup4
)
(/home/felipetrost/.miktex/texmfs/install/tex/latex/psnfss/helvet.sty
Package: helvet 2020/03/25 PSNFSS-v9.3 (WaS) 
)
(/home/felipetrost/.miktex/texmfs/install/tex/latex/psnfss/courier.sty
Package: courier 2020/03/25 PSNFSS-v9.3 (WaS) 
)
(/home/felipetrost/.miktex/texmfs/install/tex/latex/base/textcomp.sty
Package: textcomp 2020/02/02 v2.0n Standard LaTeX package
)
(/home/felipetrost/.miktex/texmfs/install/tex/latex/tools/tabularx.sty
Package: tabularx 2023/07/08 v2.11c `tabularx' package (DPC)

(/home/felipetrost/.miktex/texmfs/install/tex/latex/tools/array.sty
Package: array 2023/10/16 v2.5g Tabular extension package (FMi)
\col@sep=\dimen149
\ar@mcellbox=\box54
\extrarowheight=\dimen150
\NC@list=\toks28
\extratabsurround=\skip68
\backup@length=\skip69
\ar@cellbox=\box55
)
\TX@col@width=\dimen151
\TX@old@table=\dimen152
\TX@old@col=\dimen153
\TX@target=\dimen154
\TX@delta=\dimen155
\TX@cols=\count274
\TX@ftn=\toks29
)
(/home/felipetrost/.miktex/texmfs/install/tex/latex/booktabs/booktabs.sty
Package: booktabs 2020/01/12 v1.61803398 Publication quality tables
\heavyrulewidth=\dimen156
\lightrulewidth=\dimen157
\cmidrulewidth=\dimen158
\belowrulesep=\dimen159
\belowbottomsep=\dimen160
\aboverulesep=\dimen161
\abovetopsep=\dimen162
\cmidrulesep=\dimen163
\cmidrulekern=\dimen164
\defaultaddspace=\dimen165
\@cmidla=\count275
\@cmidlb=\count276
\@aboverulesep=\dimen166
\@belowrulesep=\dimen167
\@thisruleclass=\count277
\@lastruleclass=\count278
\@thisrulewidth=\dimen168
)
(/home/felipetrost/.miktex/texmfs/install/tex/latex/multirow/multirow.sty
Package: multirow 2021/03/15 v2.8 Span multiple rows of a table
\multirow@colwidth=\skip70
\multirow@cntb=\count279
\multirow@dima=\skip71
\bigstrutjot=\dimen169
)
(/home/felipetrost/.miktex/texmfs/install/tex/latex/tools/longtable.sty
Package: longtable 2023-11-01 v4.19 Multi-page Table package (DPC)
\LTleft=\skip72
\LTright=\skip73
\LTpre=\skip74
\LTpost=\skip75
\LTchunksize=\count280
\LTcapwidth=\dimen170
\LT@head=\box56
\LT@firsthead=\box57
\LT@foot=\box58
\LT@lastfoot=\box59
\LT@gbox=\box60
\LT@cols=\count281
\LT@rows=\count282
\c@LT@tables=\count283
\c@LT@chunks=\count284
\LT@p@ftn=\toks30
)
Class scrbook Info: longtable captions redefined on input line 149.

(/home/felipetrost/.miktex/texmfs/install/tex/latex/amsmath/amsmath.sty
Package: amsmath 2023/05/13 v2.17o AMS math features
\@mathmargin=\skip76

For additional information on amsmath, use the `?' option.
(/home/felipetrost/.miktex/texmfs/install/tex/latex/amsmath/amstext.sty
Package: amstext 2021/08/26 v2.01 AMS text

(/home/felipetrost/.miktex/texmfs/install/tex/latex/amsmath/amsgen.sty
File: amsgen.sty 1999/11/30 v2.0 generic functions
\@emptytoks=\toks31
\ex@=\dimen171
))
(/home/felipetrost/.miktex/texmfs/install/tex/latex/amsmath/amsbsy.sty
Package: amsbsy 1999/11/29 v1.2d Bold Symbols
\pmbraise@=\dimen172
)
(/home/felipetrost/.miktex/texmfs/install/tex/latex/amsmath/amsopn.sty
Package: amsopn 2022/04/08 v2.04 operator names
)
\inf@bad=\count285
LaTeX Info: Redefining \frac on input line 234.
\uproot@=\count286
\leftroot@=\count287
LaTeX Info: Redefining \overline on input line 399.
LaTeX Info: Redefining \colon on input line 410.
\classnum@=\count288
\DOTSCASE@=\count289
LaTeX Info: Redefining \ldots on input line 496.
LaTeX Info: Redefining \dots on input line 499.
LaTeX Info: Redefining \cdots on input line 620.
\Mathstrutbox@=\box61
\strutbox@=\box62
LaTeX Info: Redefining \big on input line 722.
LaTeX Info: Redefining \Big on input line 723.
LaTeX Info: Redefining \bigg on input line 724.
LaTeX Info: Redefining \Bigg on input line 725.
\big@size=\dimen173
LaTeX Font Info:    Redeclaring font encoding OML on input line 743.
LaTeX Font Info:    Redeclaring font encoding OMS on input line 744.
\macc@depth=\count290
LaTeX Info: Redefining \bmod on input line 905.
LaTeX Info: Redefining \pmod on input line 910.
LaTeX Info: Redefining \smash on input line 940.
LaTeX Info: Redefining \relbar on input line 970.
LaTeX Info: Redefining \Relbar on input line 971.
\c@MaxMatrixCols=\count291
\dotsspace@=\muskip17
\c@parentequation=\count292
\dspbrk@lvl=\count293
\tag@help=\toks32
\row@=\count294
\column@=\count295
\maxfields@=\count296
\andhelp@=\toks33
\eqnshift@=\dimen174
\alignsep@=\dimen175
\tagshift@=\dimen176
\tagwidth@=\dimen177
\totwidth@=\dimen178
\lineht@=\dimen179
\@envbody=\toks34
\multlinegap=\skip77
\multlinetaggap=\skip78
\mathdisplay@stack=\toks35
LaTeX Info: Redefining \[ on input line 2953.
LaTeX Info: Redefining \] on input line 2954.
)
(/home/felipetrost/.miktex/texmfs/install/tex/latex/amsfonts/amssymb.sty
Package: amssymb 2013/01/14 v3.01 AMS font symbols

(/home/felipetrost/.miktex/texmfs/install/tex/latex/amsfonts/amsfonts.sty
Package: amsfonts 2013/01/14 v3.01 Basic AMSFonts support
\symAMSa=\mathgroup5
\symAMSb=\mathgroup6
LaTeX Font Info:    Redeclaring math symbol \hbar on input line 98.
LaTeX Font Info:    Overwriting math alphabet `\mathfrak' in version `bold'
(Font)                  U/euf/m/n --> U/euf/b/n on input line 106.
))
(/home/felipetrost/.miktex/texmfs/install/tex/latex/setspace/setspace.sty
Package: setspace 2022/12/04 v6.7b set line spacing
)
(/home/felipetrost/.miktex/texmfs/install/tex/generic/babel/babel.sty
Package: babel 2024/02/07 v24.2 The Babel package
\babel@savecnt=\count297
\U@D=\dimen180
\l@unhyphenated=\language3

(/home/felipetrost/.miktex/texmfs/install/tex/generic/babel/txtbabel.def)
\bbl@readstream=\read3
\bbl@dirlevel=\count298

*************************************
* Local config file bblopts.cfg used
*
(/home/felipetrost/.miktex/texmfs/install/tex/latex/arabi/bblopts.cfg
File: bblopts.cfg 2005/09/08 v0.1 add Arabic and Farsi to "declared" options of
 babel
)
(/home/felipetrost/.miktex/texmfs/install/tex/latex/babel-english/english.ldf
Language: english 2017/06/06 v3.3r English support from the babel system
Package babel Info: Hyphen rules for 'british' set to \l@english
(babel)             (\language0). Reported on input line 82.
Package babel Info: Hyphen rules for 'UKenglish' set to \l@english
(babel)             (\language0). Reported on input line 83.
Package babel Info: Hyphen rules for 'canadian' set to \l@english
(babel)             (\language0). Reported on input line 102.
Package babel Info: Hyphen rules for 'australian' set to \l@english
(babel)             (\language0). Reported on input line 105.
Package babel Info: Hyphen rules for 'newzealand' set to \l@english
(babel)             (\language0). Reported on input line 108.
))
(/home/felipetrost/.miktex/texmfs/install/tex/generic/babel/locale/en/babel-eng
lish.tex
Package babel Info: Importing font and identification data for english
(babel)             from babel-en.ini. Reported on input line 11.
) (/home/felipetrost/.miktex/texmfs/install/tex/latex/base/fontenc.sty
Package: fontenc 2021/04/29 v2.0v Standard LaTeX package
LaTeX Font Info:    Trying to load font information for T1+ppl on input line 11
2.

(/home/felipetrost/.miktex/texmfs/install/tex/latex/psnfss/t1ppl.fd
File: t1ppl.fd 2001/06/04 font definitions for T1/ppl.
))
(/home/felipetrost/.miktex/texmfs/install/tex/latex/base/inputenc.sty
Package: inputenc 2021/02/14 v1.3d Input encoding file
\inpenc@prehook=\toks36
\inpenc@posthook=\toks37
)
(/home/felipetrost/.miktex/texmfs/install/tex/latex/csquotes/csquotes.sty
Package: csquotes 2022-09-14 v5.2n context-sensitive quotations (JAW)
\csq@reset=\count299
\csq@gtype=\count300
\csq@glevel=\count301
\csq@qlevel=\count302
\csq@maxlvl=\count303
\csq@tshold=\count304
\csq@ltx@everypar=\toks38

(/home/felipetrost/.miktex/texmfs/install/tex/latex/csquotes/csquotes.def
File: csquotes.def 2022-09-14 v5.2n csquotes generic definitions (JAW)
)
Package csquotes Info: Trying to load configuration file 'csquotes.cfg'...
Package csquotes Info: ... configuration file loaded successfully.

(/home/felipetrost/.miktex/texmfs/install/tex/latex/csquotes/csquotes.cfg
File: csquotes.cfg 
)
Package csquotes Info: Option 'babel' depreciated.
(csquotes)             Using 'autostyle'.
Package csquotes Info: Enabling multilingual quotes.
Package csquotes Info: Redefining alias 'english' -> 'english/american'.
)
(/home/felipetrost/.miktex/texmfs/install/tex/latex/units/units.sty
Package: units 1998/08/04 v0.9b Typesetting units

(/home/felipetrost/.miktex/texmfs/install/tex/latex/base/ifthen.sty
Package: ifthen 2022/04/13 v1.1d Standard LaTeX ifthen package (DPC)
)
(/home/felipetrost/.miktex/texmfs/install/tex/latex/units/nicefrac.sty
Package: nicefrac 1998/08/04 v0.9b Nice fractions
\L@UnitsRaiseDisplaystyle=\skip79
\L@UnitsRaiseTextstyle=\skip80
\L@UnitsRaiseScriptstyle=\skip81
))
(/home/felipetrost/.miktex/texmfs/install/tex/latex/listings/listings.sty
\lst@mode=\count305
\lst@gtempboxa=\box63
\lst@token=\toks39
\lst@length=\count306
\lst@currlwidth=\dimen181
\lst@column=\count307
\lst@pos=\count308
\lst@lostspace=\dimen182
\lst@width=\dimen183
\lst@newlines=\count309
\lst@lineno=\count310
\lst@maxwidth=\dimen184

(/home/felipetrost/.miktex/texmfs/install/tex/latex/listings/lstmisc.sty
File: lstmisc.sty 2023/02/27 1.9 (Carsten Heinz)
\c@lstnumber=\count311
\lst@skipnumbers=\count312
\lst@framebox=\box64
)
(/home/felipetrost/.miktex/texmfs/install/tex/latex/listings/listings.cfg
File: listings.cfg 2023/02/27 1.9 listings configuration
))
Package: listings 2023/02/27 1.9 (Carsten Heinz)

(/home/felipetrost/.miktex/texmfs/install/tex/latex/enumitem/enumitem.sty
Package: enumitem 2019/06/20 v3.9 Customized lists
\labelindent=\skip82
\enit@outerparindent=\dimen185
\enit@toks=\toks40
\enit@inbox=\box65
\enit@count@id=\count313
\enitdp@description=\count314
)
(/home/felipetrost/.miktex/texmfs/install/tex/latex/graphics/graphicx.sty
Package: graphicx 2021/09/16 v1.2d Enhanced LaTeX Graphics (DPC,SPQR)

(/home/felipetrost/.miktex/texmfs/install/tex/latex/graphics/graphics.sty
Package: graphics 2022/03/10 v1.4e Standard LaTeX Graphics (DPC,SPQR)

(/home/felipetrost/.miktex/texmfs/install/tex/latex/graphics/trig.sty
Package: trig 2021/08/11 v1.11 sin cos tan (DPC)
)
(/home/felipetrost/.miktex/texmfs/install/tex/latex/graphics-cfg/graphics.cfg
File: graphics.cfg 2016/06/04 v1.11 sample graphics configuration
)
Package graphics Info: Driver file: pdftex.def on input line 107.
)
\Gin@req@height=\dimen186
\Gin@req@width=\dimen187
) (/home/felipetrost/.miktex/texmfs/install/tex/latex/eso-pic/eso-pic.sty
Package: eso-pic 2023/05/03 v3.0c eso-pic (RN)
\ESO@tempdima=\dimen188
\ESO@tempdimb=\dimen189
)
(/home/felipetrost/.miktex/texmfs/install/tex/latex/changepage/chngpage.sty
Package: chngpage 2009/10/20 v1.2b change page layout
\c@cp@cnt=\count315
\c@cp@tempcnt=\count316
)
(/home/felipetrost/.miktex/texmfs/install/tex/latex/pgf/frontendlayer/tikz.sty
(/home/felipetrost/.miktex/texmfs/install/tex/latex/pgf/basiclayer/pgf.sty
(/home/felipetrost/.miktex/texmfs/install/tex/latex/pgf/utilities/pgfrcs.sty
(/home/felipetrost/.miktex/texmfs/install/tex/generic/pgf/utilities/pgfutil-com
mon.tex
\pgfutil@everybye=\toks41
\pgfutil@tempdima=\dimen190
\pgfutil@tempdimb=\dimen191
)
(/home/felipetrost/.miktex/texmfs/install/tex/generic/pgf/utilities/pgfutil-lat
ex.def
\pgfutil@abb=\box66
)
(/home/felipetrost/.miktex/texmfs/install/tex/generic/pgf/utilities/pgfrcs.code
.tex (/home/felipetrost/.miktex/texmfs/install/tex/generic/pgf/pgf.revision.tex
)
Package: pgfrcs 2023-01-15 v3.1.10 (3.1.10)
))
Package: pgf 2023-01-15 v3.1.10 (3.1.10)

(/home/felipetrost/.miktex/texmfs/install/tex/latex/pgf/basiclayer/pgfcore.sty
(/home/felipetrost/.miktex/texmfs/install/tex/latex/pgf/systemlayer/pgfsys.sty
(/home/felipetrost/.miktex/texmfs/install/tex/generic/pgf/systemlayer/pgfsys.co
de.tex
Package: pgfsys 2023-01-15 v3.1.10 (3.1.10)

(/home/felipetrost/.miktex/texmfs/install/tex/generic/pgf/utilities/pgfkeys.cod
e.tex
\pgfkeys@pathtoks=\toks42
\pgfkeys@temptoks=\toks43

(/home/felipetrost/.miktex/texmfs/install/tex/generic/pgf/utilities/pgfkeyslibr
aryfiltered.code.tex
\pgfkeys@tmptoks=\toks44
))
\pgf@x=\dimen192
\pgf@y=\dimen193
\pgf@xa=\dimen194
\pgf@ya=\dimen195
\pgf@xb=\dimen196
\pgf@yb=\dimen197
\pgf@xc=\dimen198
\pgf@yc=\dimen199
\pgf@xd=\dimen256
\pgf@yd=\dimen257
\w@pgf@writea=\write3
\r@pgf@reada=\read4
\c@pgf@counta=\count317
\c@pgf@countb=\count318
\c@pgf@countc=\count319
\c@pgf@countd=\count320
\t@pgf@toka=\toks45
\t@pgf@tokb=\toks46
\t@pgf@tokc=\toks47
\pgf@sys@id@count=\count321

(/home/felipetrost/.miktex/texmfs/install/tex/generic/pgf/systemlayer/pgf.cfg
File: pgf.cfg 2023-01-15 v3.1.10 (3.1.10)
)
Driver file for pgf: pgfsys-pdftex.def

(/home/felipetrost/.miktex/texmfs/install/tex/generic/pgf/systemlayer/pgfsys-pd
ftex.def
File: pgfsys-pdftex.def 2023-01-15 v3.1.10 (3.1.10)

(/home/felipetrost/.miktex/texmfs/install/tex/generic/pgf/systemlayer/pgfsys-co
mmon-pdf.def
File: pgfsys-common-pdf.def 2023-01-15 v3.1.10 (3.1.10)
)))
(/home/felipetrost/.miktex/texmfs/install/tex/generic/pgf/systemlayer/pgfsyssof
tpath.code.tex
File: pgfsyssoftpath.code.tex 2023-01-15 v3.1.10 (3.1.10)
\pgfsyssoftpath@smallbuffer@items=\count322
\pgfsyssoftpath@bigbuffer@items=\count323
)
(/home/felipetrost/.miktex/texmfs/install/tex/generic/pgf/systemlayer/pgfsyspro
tocol.code.tex
File: pgfsysprotocol.code.tex 2023-01-15 v3.1.10 (3.1.10)
))
(/home/felipetrost/.miktex/texmfs/install/tex/generic/pgf/basiclayer/pgfcore.co
de.tex
Package: pgfcore 2023-01-15 v3.1.10 (3.1.10)

(/home/felipetrost/.miktex/texmfs/install/tex/generic/pgf/math/pgfmath.code.tex

(/home/felipetrost/.miktex/texmfs/install/tex/generic/pgf/math/pgfmathutil.code
.tex)
(/home/felipetrost/.miktex/texmfs/install/tex/generic/pgf/math/pgfmathparser.co
de.tex
\pgfmath@dimen=\dimen258
\pgfmath@count=\count324
\pgfmath@box=\box67
\pgfmath@toks=\toks48
\pgfmath@stack@operand=\toks49
\pgfmath@stack@operation=\toks50
)
(/home/felipetrost/.miktex/texmfs/install/tex/generic/pgf/math/pgfmathfunctions
.code.tex)
(/home/felipetrost/.miktex/texmfs/install/tex/generic/pgf/math/pgfmathfunctions
.basic.code.tex)
(/home/felipetrost/.miktex/texmfs/install/tex/generic/pgf/math/pgfmathfunctions
.trigonometric.code.tex)
(/home/felipetrost/.miktex/texmfs/install/tex/generic/pgf/math/pgfmathfunctions
.random.code.tex)
(/home/felipetrost/.miktex/texmfs/install/tex/generic/pgf/math/pgfmathfunctions
.comparison.code.tex)
(/home/felipetrost/.miktex/texmfs/install/tex/generic/pgf/math/pgfmathfunctions
.base.code.tex)
(/home/felipetrost/.miktex/texmfs/install/tex/generic/pgf/math/pgfmathfunctions
.round.code.tex)
(/home/felipetrost/.miktex/texmfs/install/tex/generic/pgf/math/pgfmathfunctions
.misc.code.tex)
(/home/felipetrost/.miktex/texmfs/install/tex/generic/pgf/math/pgfmathfunctions
.integerarithmetics.code.tex)
(/home/felipetrost/.miktex/texmfs/install/tex/generic/pgf/math/pgfmathcalc.code
.tex)
(/home/felipetrost/.miktex/texmfs/install/tex/generic/pgf/math/pgfmathfloat.cod
e.tex
\c@pgfmathroundto@lastzeros=\count325
))
(/home/felipetrost/.miktex/texmfs/install/tex/generic/pgf/math/pgfint.code.tex)

(/home/felipetrost/.miktex/texmfs/install/tex/generic/pgf/basiclayer/pgfcorepoi
nts.code.tex
File: pgfcorepoints.code.tex 2023-01-15 v3.1.10 (3.1.10)
\pgf@picminx=\dimen259
\pgf@picmaxx=\dimen260
\pgf@picminy=\dimen261
\pgf@picmaxy=\dimen262
\pgf@pathminx=\dimen263
\pgf@pathmaxx=\dimen264
\pgf@pathminy=\dimen265
\pgf@pathmaxy=\dimen266
\pgf@xx=\dimen267
\pgf@xy=\dimen268
\pgf@yx=\dimen269
\pgf@yy=\dimen270
\pgf@zx=\dimen271
\pgf@zy=\dimen272
)
(/home/felipetrost/.miktex/texmfs/install/tex/generic/pgf/basiclayer/pgfcorepat
hconstruct.code.tex
File: pgfcorepathconstruct.code.tex 2023-01-15 v3.1.10 (3.1.10)
\pgf@path@lastx=\dimen273
\pgf@path@lasty=\dimen274
)
(/home/felipetrost/.miktex/texmfs/install/tex/generic/pgf/basiclayer/pgfcorepat
husage.code.tex
File: pgfcorepathusage.code.tex 2023-01-15 v3.1.10 (3.1.10)
\pgf@shorten@end@additional=\dimen275
\pgf@shorten@start@additional=\dimen276
)
(/home/felipetrost/.miktex/texmfs/install/tex/generic/pgf/basiclayer/pgfcoresco
pes.code.tex
File: pgfcorescopes.code.tex 2023-01-15 v3.1.10 (3.1.10)
\pgfpic=\box68
\pgf@hbox=\box69
\pgf@layerbox@main=\box70
\pgf@picture@serial@count=\count326
)
(/home/felipetrost/.miktex/texmfs/install/tex/generic/pgf/basiclayer/pgfcoregra
phicstate.code.tex
File: pgfcoregraphicstate.code.tex 2023-01-15 v3.1.10 (3.1.10)
\pgflinewidth=\dimen277
)
(/home/felipetrost/.miktex/texmfs/install/tex/generic/pgf/basiclayer/pgfcoretra
nsformations.code.tex
File: pgfcoretransformations.code.tex 2023-01-15 v3.1.10 (3.1.10)
\pgf@pt@x=\dimen278
\pgf@pt@y=\dimen279
\pgf@pt@temp=\dimen280
)
(/home/felipetrost/.miktex/texmfs/install/tex/generic/pgf/basiclayer/pgfcorequi
ck.code.tex
File: pgfcorequick.code.tex 2023-01-15 v3.1.10 (3.1.10)
)
(/home/felipetrost/.miktex/texmfs/install/tex/generic/pgf/basiclayer/pgfcoreobj
ects.code.tex
File: pgfcoreobjects.code.tex 2023-01-15 v3.1.10 (3.1.10)
)
(/home/felipetrost/.miktex/texmfs/install/tex/generic/pgf/basiclayer/pgfcorepat
hprocessing.code.tex
File: pgfcorepathprocessing.code.tex 2023-01-15 v3.1.10 (3.1.10)
)
(/home/felipetrost/.miktex/texmfs/install/tex/generic/pgf/basiclayer/pgfcorearr
ows.code.tex
File: pgfcorearrows.code.tex 2023-01-15 v3.1.10 (3.1.10)
\pgfarrowsep=\dimen281
)
(/home/felipetrost/.miktex/texmfs/install/tex/generic/pgf/basiclayer/pgfcoresha
de.code.tex
File: pgfcoreshade.code.tex 2023-01-15 v3.1.10 (3.1.10)
\pgf@max=\dimen282
\pgf@sys@shading@range@num=\count327
\pgf@shadingcount=\count328
)
(/home/felipetrost/.miktex/texmfs/install/tex/generic/pgf/basiclayer/pgfcoreima
ge.code.tex
File: pgfcoreimage.code.tex 2023-01-15 v3.1.10 (3.1.10)
)
(/home/felipetrost/.miktex/texmfs/install/tex/generic/pgf/basiclayer/pgfcoreext
ernal.code.tex
File: pgfcoreexternal.code.tex 2023-01-15 v3.1.10 (3.1.10)
\pgfexternal@startupbox=\box71
)
(/home/felipetrost/.miktex/texmfs/install/tex/generic/pgf/basiclayer/pgfcorelay
ers.code.tex
File: pgfcorelayers.code.tex 2023-01-15 v3.1.10 (3.1.10)
)
(/home/felipetrost/.miktex/texmfs/install/tex/generic/pgf/basiclayer/pgfcoretra
nsparency.code.tex
File: pgfcoretransparency.code.tex 2023-01-15 v3.1.10 (3.1.10)
)
(/home/felipetrost/.miktex/texmfs/install/tex/generic/pgf/basiclayer/pgfcorepat
terns.code.tex
File: pgfcorepatterns.code.tex 2023-01-15 v3.1.10 (3.1.10)
)
(/home/felipetrost/.miktex/texmfs/install/tex/generic/pgf/basiclayer/pgfcorerdf
.code.tex
File: pgfcorerdf.code.tex 2023-01-15 v3.1.10 (3.1.10)
)))
(/home/felipetrost/.miktex/texmfs/install/tex/generic/pgf/modules/pgfmoduleshap
es.code.tex
File: pgfmoduleshapes.code.tex 2023-01-15 v3.1.10 (3.1.10)
\pgfnodeparttextbox=\box72
)
(/home/felipetrost/.miktex/texmfs/install/tex/generic/pgf/modules/pgfmoduleplot
.code.tex
File: pgfmoduleplot.code.tex 2023-01-15 v3.1.10 (3.1.10)
)
(/home/felipetrost/.miktex/texmfs/install/tex/latex/pgf/compatibility/pgfcomp-v
ersion-0-65.sty
Package: pgfcomp-version-0-65 2023-01-15 v3.1.10 (3.1.10)
\pgf@nodesepstart=\dimen283
\pgf@nodesepend=\dimen284
)
(/home/felipetrost/.miktex/texmfs/install/tex/latex/pgf/compatibility/pgfcomp-v
ersion-1-18.sty
Package: pgfcomp-version-1-18 2023-01-15 v3.1.10 (3.1.10)
))
(/home/felipetrost/.miktex/texmfs/install/tex/latex/pgf/utilities/pgffor.sty
(/home/felipetrost/.miktex/texmfs/install/tex/latex/pgf/utilities/pgfkeys.sty
(/home/felipetrost/.miktex/texmfs/install/tex/generic/pgf/utilities/pgfkeys.cod
e.tex))
(/home/felipetrost/.miktex/texmfs/install/tex/latex/pgf/math/pgfmath.sty
(/home/felipetrost/.miktex/texmfs/install/tex/generic/pgf/math/pgfmath.code.tex
))
(/home/felipetrost/.miktex/texmfs/install/tex/generic/pgf/utilities/pgffor.code
.tex
Package: pgffor 2023-01-15 v3.1.10 (3.1.10)
\pgffor@iter=\dimen285
\pgffor@skip=\dimen286
\pgffor@stack=\toks51
\pgffor@toks=\toks52
))
(/home/felipetrost/.miktex/texmfs/install/tex/generic/pgf/frontendlayer/tikz/ti
kz.code.tex
Package: tikz 2023-01-15 v3.1.10 (3.1.10)

(/home/felipetrost/.miktex/texmfs/install/tex/generic/pgf/libraries/pgflibraryp
lothandlers.code.tex
File: pgflibraryplothandlers.code.tex 2023-01-15 v3.1.10 (3.1.10)
\pgf@plot@mark@count=\count329
\pgfplotmarksize=\dimen287
)
\tikz@lastx=\dimen288
\tikz@lasty=\dimen289
\tikz@lastxsaved=\dimen290
\tikz@lastysaved=\dimen291
\tikz@lastmovetox=\dimen292
\tikz@lastmovetoy=\dimen293
\tikzleveldistance=\dimen294
\tikzsiblingdistance=\dimen295
\tikz@figbox=\box73
\tikz@figbox@bg=\box74
\tikz@tempbox=\box75
\tikz@tempbox@bg=\box76
\tikztreelevel=\count330
\tikznumberofchildren=\count331
\tikznumberofcurrentchild=\count332
\tikz@fig@count=\count333

(/home/felipetrost/.miktex/texmfs/install/tex/generic/pgf/modules/pgfmodulematr
ix.code.tex
File: pgfmodulematrix.code.tex 2023-01-15 v3.1.10 (3.1.10)
\pgfmatrixcurrentrow=\count334
\pgfmatrixcurrentcolumn=\count335
\pgf@matrix@numberofcolumns=\count336
)
\tikz@expandcount=\count337

(/home/felipetrost/.miktex/texmfs/install/tex/generic/pgf/frontendlayer/tikz/li
braries/tikzlibrarytopaths.code.tex
File: tikzlibrarytopaths.code.tex 2023-01-15 v3.1.10 (3.1.10)
)))
(/home/felipetrost/.miktex/texmfs/install/tex/latex/caption/caption.sty
Package: caption 2023/08/05 v3.6o Customizing captions (AR)

(/home/felipetrost/.miktex/texmfs/install/tex/latex/caption/caption3.sty
Package: caption3 2023/07/31 v2.4d caption3 kernel (AR)
\caption@tempdima=\dimen296
\captionmargin=\dimen297
\caption@leftmargin=\dimen298
\caption@rightmargin=\dimen299
\caption@width=\dimen300
\caption@indent=\dimen301
\caption@parindent=\dimen302
\caption@hangindent=\dimen303
Package caption Info: KOMA-Script document class detected.

(/home/felipetrost/.miktex/texmfs/install/tex/latex/caption/caption-koma.sto
File: caption-koma.sto 2023/09/08 v2.0e Adaption of the caption package to the 
KOMA-Script document classes (AR)
))
\c@caption@flags=\count338
\c@continuedfloat=\count339
Package caption Info: listings package is loaded.
Package caption Info: longtable package is loaded.

(/home/felipetrost/.miktex/texmfs/install/tex/latex/caption/ltcaption.sty
Package: ltcaption 2021/01/08 v1.4c longtable captions (AR)
)
Package caption Info: KOMA-Script scrextend package detected.
\caption@addmargin@hsize=\dimen304
\caption@addmargin@linewidth=\dimen305
)
(/home/felipetrost/.miktex/texmfs/install/tex/latex/float/float.sty
Package: float 2001/11/08 v1.3d Float enhancements (AL)
\c@float@type=\count340
\float@exts=\toks53
\float@box=\box77
\@float@everytoks=\toks54
\@floatcapt=\box78
)
(/home/felipetrost/.miktex/texmfs/install/tex/latex/placeins/placeins.sty
Package: placeins 2005/04/18  v 2.2
)
(/home/felipetrost/.miktex/texmfs/install/tex/latex/subfigure/subfigure.sty
Package: subfigure 2002/07/30 v2.1.4 subfigure package
\subfigtopskip=\skip83
\subfigcapskip=\skip84
\subfigcaptopadj=\dimen306
\subfigbottomskip=\skip85
\subfigcapmargin=\dimen307
\subfiglabelskip=\skip86
\c@subfigure=\count341
\c@lofdepth=\count342
\c@subtable=\count343
\c@lotdepth=\count344

****************************************
* Local config file subfigure.cfg used *
****************************************
(/home/felipetrost/.miktex/texmfs/install/tex/latex/subfigure/subfigure.cfg)
\subfig@top=\skip87
\subfig@bottom=\skip88
)
(/home/felipetrost/.miktex/texmfs/install/tex/latex/tools/calc.sty
Package: calc 2023/07/08 v4.3 Infix arithmetic (KKT,FJ)
\calc@Acount=\count345
\calc@Bcount=\count346
\calc@Adimen=\dimen308
\calc@Bdimen=\dimen309
\calc@Askip=\skip89
\calc@Bskip=\skip90
LaTeX Info: Redefining \setlength on input line 80.
LaTeX Info: Redefining \addtolength on input line 81.
\calc@Ccount=\count347
\calc@Cskip=\skip91
)

Class scrbook Warning: Usage of package `fancyhdr' together
(scrbook)              with a KOMA-Script class is not recommended.
(scrbook)              I'd suggest to use 
(scrbook)              package `scrlayer' or `scrlayer-scrpage', because
(scrbook)              they support KOMA-Script classes.
(scrbook)              With `fancyhdr' several features of class `scrbook'
(scrbook)              like options `headsepline', `footsepline' or command
(scrbook)              `\MakeMarkcase' and the commands `\setkomafont' and
(scrbook)              `\addtokomafont' for the page style elements need
(scrbook)              explicite user intervention to work.
(scrbook)              Nevertheless, using requested
(scrbook)              package `fancyhdr' on input line 442.

(/home/felipetrost/.miktex/texmfs/install/tex/latex/fancyhdr/fancyhdr.sty
Package: fancyhdr 2022/11/09 v4.1 Extensive control of page headers and footers

\f@nch@headwidth=\skip92
\f@nch@O@elh=\skip93
\f@nch@O@erh=\skip94
\f@nch@O@olh=\skip95
\f@nch@O@orh=\skip96
\f@nch@O@elf=\skip97
\f@nch@O@erf=\skip98
\f@nch@O@olf=\skip99
\f@nch@O@orf=\skip100
))
(/home/felipetrost/.miktex/texmfs/install/tex/latex/tcolorbox/tcolorbox.sty
Package: tcolorbox 2024/01/10 version 6.2.0 text color boxes

(/home/felipetrost/.miktex/texmfs/install/tex/latex/environ/environ.sty
Package: environ 2014/05/04 v0.3 A new way to define environments

(/home/felipetrost/.miktex/texmfs/install/tex/latex/trimspaces/trimspaces.sty
Package: trimspaces 2009/09/17 v1.1 Trim spaces around a token list
))
\tcb@titlebox=\box79
\tcb@upperbox=\box80
\tcb@lowerbox=\box81
\tcb@phantombox=\box82
\c@tcbbreakpart=\count348
\c@tcblayer=\count349
\c@tcolorbox@number=\count350
\l__tcobox_tmpa_box=\box83
\l__tcobox_tmpa_dim=\dimen310
\tcb@temp=\box84
\tcb@temp=\box85
\tcb@temp=\box86
\tcb@temp=\box87
) (/home/felipetrost/.miktex/texmfs/install/tex/latex/fancyvrb/fancyvrb.sty
Package: fancyvrb 2024/01/20 4.5c verbatim text (tvz,hv)
\FV@CodeLineNo=\count351
\FV@InFile=\read5
\FV@TabBox=\box88
\c@FancyVerbLine=\count352
\FV@StepNumber=\count353
\FV@OutFile=\write4
)
(/home/felipetrost/.miktex/texmfs/install/tex/latex/hyperref/hyperref.sty
Package: hyperref 2024-01-20 v7.01h Hypertext links for LaTeX

(/home/felipetrost/.miktex/texmfs/install/tex/latex/kvsetkeys/kvsetkeys.sty
Package: kvsetkeys 2022-10-05 v1.19 Key value parser (HO)
)
(/home/felipetrost/.miktex/texmfs/install/tex/generic/kvdefinekeys/kvdefinekeys
.sty
Package: kvdefinekeys 2019-12-19 v1.6 Define keys (HO)
)
(/home/felipetrost/.miktex/texmfs/install/tex/generic/pdfescape/pdfescape.sty
Package: pdfescape 2019/12/09 v1.15 Implements pdfTeX's escape features (HO)

(/home/felipetrost/.miktex/texmfs/install/tex/generic/ltxcmds/ltxcmds.sty
Package: ltxcmds 2023-12-04 v1.26 LaTeX kernel commands for general use (HO)
)
(/home/felipetrost/.miktex/texmfs/install/tex/generic/pdftexcmds/pdftexcmds.sty
Package: pdftexcmds 2020-06-27 v0.33 Utility functions of pdfTeX for LuaTeX (HO
)
(/home/felipetrost/.miktex/texmfs/install/tex/generic/infwarerr/infwarerr.sty
Package: infwarerr 2019/12/03 v1.5 Providing info/warning/error messages (HO)
)
Package pdftexcmds Info: \pdf@primitive is available.
Package pdftexcmds Info: \pdf@ifprimitive is available.
Package pdftexcmds Info: \pdfdraftmode found.
)) (/home/felipetrost/.miktex/texmfs/install/tex/latex/hycolor/hycolor.sty
Package: hycolor 2020-01-27 v1.10 Color options for hyperref/bookmark (HO)
)
(/home/felipetrost/.miktex/texmfs/install/tex/latex/auxhook/auxhook.sty
Package: auxhook 2019-12-17 v1.6 Hooks for auxiliary files (HO)
)
(/home/felipetrost/.miktex/texmfs/install/tex/latex/hyperref/nameref.sty
Package: nameref 2023-11-26 v2.56 Cross-referencing by name of section

(/home/felipetrost/.miktex/texmfs/install/tex/latex/refcount/refcount.sty
Package: refcount 2019/12/15 v3.6 Data extraction from label references (HO)
)
(/home/felipetrost/.miktex/texmfs/install/tex/generic/gettitlestring/gettitlest
ring.sty
Package: gettitlestring 2019/12/15 v1.6 Cleanup title references (HO)

(/home/felipetrost/.miktex/texmfs/install/tex/latex/kvoptions/kvoptions.sty
Package: kvoptions 2022-06-15 v3.15 Key value format for package options (HO)
))
\c@section@level=\count354
)
\@linkdim=\dimen311
\Hy@linkcounter=\count355
\Hy@pagecounter=\count356

(/home/felipetrost/.miktex/texmfs/install/tex/latex/hyperref/pd1enc.def
File: pd1enc.def 2024-01-20 v7.01h Hyperref: PDFDocEncoding definition (HO)
Now handling font encoding PD1 ...
... no UTF-8 mapping file for font encoding PD1
)
(/home/felipetrost/.miktex/texmfs/install/tex/generic/intcalc/intcalc.sty
Package: intcalc 2019/12/15 v1.3 Expandable calculations with integers (HO)
)
\Hy@SavedSpaceFactor=\count357

(/home/felipetrost/.miktex/texmfs/install/tex/latex/hyperref/puenc.def
File: puenc.def 2024-01-20 v7.01h Hyperref: PDF Unicode definition (HO)
Now handling font encoding PU ...
... no UTF-8 mapping file for font encoding PU
)
Package hyperref Info: Option `pdfpagelabels' set `true' on input line 4062.
Package hyperref Info: Hyper figures OFF on input line 4179.
Package hyperref Info: Link nesting OFF on input line 4184.
Package hyperref Info: Hyper index ON on input line 4187.
Package hyperref Info: Plain pages OFF on input line 4194.
Package hyperref Info: Backreferencing OFF on input line 4199.
Package hyperref Info: Implicit mode ON; LaTeX internals redefined.
Package hyperref Info: Bookmarks ON on input line 4446.
\c@Hy@tempcnt=\count358
LaTeX Info: Redefining \url on input line 4784.
\XeTeXLinkMargin=\dimen312

(/home/felipetrost/.miktex/texmfs/install/tex/generic/bitset/bitset.sty
Package: bitset 2019/12/09 v1.3 Handle bit-vector datatype (HO)

(/home/felipetrost/.miktex/texmfs/install/tex/generic/bigintcalc/bigintcalc.sty
Package: bigintcalc 2019/12/15 v1.5 Expandable calculations on big integers (HO
)
))
\Fld@menulength=\count359
\Field@Width=\dimen313
\Fld@charsize=\dimen314
Package hyperref Info: Hyper figures OFF on input line 6063.
Package hyperref Info: Link nesting OFF on input line 6068.
Package hyperref Info: Hyper index ON on input line 6071.
Package hyperref Info: backreferencing OFF on input line 6078.
Package hyperref Info: Link coloring OFF on input line 6083.
Package hyperref Info: Link coloring with OCG OFF on input line 6088.
Package hyperref Info: PDF/A mode OFF on input line 6093.
 (/home/felipetrost/.miktex/texmfs/install/tex/latex/base/atbegshi-ltx.sty
Package: atbegshi-ltx 2021/01/10 v1.0c Emulation of the original atbegshi
package with kernel methods
)
\Hy@abspage=\count360
\c@Item=\count361
\c@Hfootnote=\count362
)
Package hyperref Info: Driver: hpdftex.

(/home/felipetrost/.miktex/texmfs/install/tex/latex/hyperref/hpdftex.def
File: hpdftex.def 2024-01-20 v7.01h Hyperref driver for pdfTeX

(/home/felipetrost/.miktex/texmfs/install/tex/latex/base/atveryend-ltx.sty
Package: atveryend-ltx 2020/08/19 v1.0a Emulation of the original atveryend pac
kage
with kernel methods
)
\Fld@listcount=\count363
\c@bookmark@seq@number=\count364

(/home/felipetrost/.miktex/texmfs/install/tex/latex/rerunfilecheck/rerunfileche
ck.sty
Package: rerunfilecheck 2022-07-10 v1.10 Rerun checks for auxiliary files (HO)

(/home/felipetrost/.miktex/texmfs/install/tex/generic/uniquecounter/uniquecount
er.sty
Package: uniquecounter 2019/12/15 v1.4 Provide unlimited unique counter (HO)
)
Package uniquecounter Info: New unique counter `rerunfilecheck' on input line 2
85.
)
\Hy@SectionHShift=\skip101
)
Package csquotes Info: Checking for multilingual support...
Package csquotes Info: ... found 'babel' package.
 (main.aux

LaTeX Warning: Label `fig:prompt-fill-personal-information' multiply defined.


LaTeX Warning: Label `fig:prompt-fill-personal-information' multiply defined.

)
\openout1 = `main.aux'.

LaTeX Font Info:    Checking defaults for OML/cmm/m/it on input line 176.
LaTeX Font Info:    ... okay on input line 176.
LaTeX Font Info:    Checking defaults for OMS/cmsy/m/n on input line 176.
LaTeX Font Info:    ... okay on input line 176.
LaTeX Font Info:    Checking defaults for OT1/cmr/m/n on input line 176.
LaTeX Font Info:    ... okay on input line 176.
LaTeX Font Info:    Checking defaults for T1/cmr/m/n on input line 176.
LaTeX Font Info:    ... okay on input line 176.
LaTeX Font Info:    Checking defaults for TS1/cmr/m/n on input line 176.
LaTeX Font Info:    ... okay on input line 176.
LaTeX Font Info:    Checking defaults for OMX/cmex/m/n on input line 176.
LaTeX Font Info:    ... okay on input line 176.
LaTeX Font Info:    Checking defaults for U/cmr/m/n on input line 176.
LaTeX Font Info:    ... okay on input line 176.
LaTeX Font Info:    Checking defaults for PD1/pdf/m/n on input line 176.
LaTeX Font Info:    ... okay on input line 176.
LaTeX Font Info:    Checking defaults for PU/pdf/m/n on input line 176.
LaTeX Font Info:    ... okay on input line 176.
Package scrbase Info: activating english \partname on input line 176.
Package scrbase Info: activating english \chaptername on input line 176.
Package scrbase Info: activating english \appendixname on input line 176.
Package scrbase Info: activating english \figurename on input line 176.
Package scrbase Info: activating english \tablename on input line 176.
Package scrbase Info: activating english \contentsname on input line 176.
Package scrbase Info: activating english \listfigurename on input line 176.
Package scrbase Info: activating english \listtablename on input line 176.
Package scrbase Info: activating english \bibname on input line 176.
Package scrbase Info: activating english \indexname on input line 176.
 (/home/felipetrost/.miktex/texmfs/install/tex/context/base/mkii/supp-pdf.mkii
[Loading MPS to PDF converter (version 2006.09.02).]
\scratchcounter=\count365
\scratchdimen=\dimen315
\scratchbox=\box89
\nofMPsegments=\count366
\nofMParguments=\count367
\everyMPshowfont=\toks55
\MPscratchCnt=\count368
\MPscratchDim=\dimen316
\MPnumerator=\count369
\makeMPintoPDFobject=\count370
\everyMPtoPDFconversion=\toks56
)
(/home/felipetrost/.miktex/texmfs/install/tex/latex/epstopdf-pkg/epstopdf-base.
sty
Package: epstopdf-base 2020-01-24 v2.11 Base part for package epstopdf
Package epstopdf-base Info: Redefining graphics rule for `.eps' on input line 4
85.

(/home/felipetrost/.miktex/texmfs/install/tex/latex/00miktex/epstopdf-sys.cfg
File: epstopdf-sys.cfg 2021/03/18 v2.0 Configuration of epstopdf for MiKTeX
))
*geometry* driver: auto-detecting
*geometry* detected driver: pdftex
*geometry* verbose mode - [ preamble ] result:
* driver: pdftex
* paper: a4paper
* layout: <same size as paper>
* layoutoffset:(h,v)=(0.0pt,0.0pt)
* modes: twoside 
* h-part:(L,W,R)=(85.35826pt, 455.24411pt, 56.9055pt)
* v-part:(T,H,B)=(101.40665pt, 629.82918pt, 113.81102pt)
* \paperwidth=597.50787pt
* \paperheight=845.04684pt
* \textwidth=455.24411pt
* \textheight=629.82918pt
* \oddsidemargin=13.08827pt
* \evensidemargin=-15.36449pt
* \topmargin=-8.26335pt
* \headheight=17.0pt
* \headsep=20.40001pt
* \topskip=11.0pt
* \footskip=47.6pt
* \marginparwidth=54.2025pt
* \marginparsep=12.8401pt
* \columnsep=10.0pt
* \skip\footins=10.0pt plus 4.0pt minus 2.0pt
* \hoffset=0.0pt
* \voffset=0.0pt
* \mag=1000
* \@twocolumnfalse
* \@twosidetrue
* \@mparswitchtrue
* \@reversemarginfalse
* (1in=72.27pt=25.4mm, 1cm=28.453pt)

\c@lstlisting=\count371
Package caption Info: Begin \AtBeginDocument code.
Package caption Info: float package is loaded.
Package caption Info: hyperref package is loaded.
Package caption Info: subfigure package is loaded.
Package caption Info: End \AtBeginDocument code.
Package hyperref Info: Link coloring OFF on input line 176.
(main.out) (main.out)
\@outlinefile=\write5
\openout5 = `main.out'.

Class scrbook Info: loading recommended package `bookmark'.
(scrbook)           Using `bookmark' together with `hyperref' is recommended,
(scrbook)           because of handling of possible bookmark level gaps.
(scrbook)           You can avoid loading `bookmark' with KOMA-Script option
(scrbook)           `bookmarkpackage=false' before \begin{document} and
(scrbook)           you can avoid this message adding:
(scrbook)             \usepackage{bookmark}
(scrbook)           before \begin{document} on input line 176.

(/home/felipetrost/.miktex/texmfs/install/tex/latex/bookmark/bookmark.sty
Package: bookmark 2023-12-10 v1.31 PDF bookmarks (HO)

(/home/felipetrost/.miktex/texmfs/install/tex/latex/bookmark/bkm-pdftex.def
File: bkm-pdftex.def 2023-12-10 v1.31 bookmark driver for pdfTeX and luaTeX (HO
)
\BKM@id=\count372
))
(content/00_frontpages/00_frontpage.tex
<images/snet/titlepage.pdf, id=6, 932.73468pt x 1320.43312pt>
File: images/snet/titlepage.pdf Graphic file (type pdf)
<use images/snet/titlepage.pdf>
Package pdftex.def Info: images/snet/titlepage.pdf  used on input line 43.
(pdftex.def)             Requested size: 597.5317pt x 845.07433pt.
 [1





{/home/felipetrost/.miktex/texmfs/data/fonts/map/pdftex/pdftex.map}{/home/felip
etrost/.miktex/texmfs/install/fonts/enc/dvips/base/8r.enc} <./images/snet/title
page.pdf>] [2])
(content/00_frontpages/01_declaration.tex
LaTeX Font Info:    Trying to load font information for T1+phv on input line 1.


(/home/felipetrost/.miktex/texmfs/install/tex/latex/psnfss/t1phv.fd
File: t1phv.fd 2020/03/25 scalable font definitions for T1/phv.
)
LaTeX Font Info:    Font shape `T1/phv/m/n' will be
(Font)              scaled to size 10.40245pt on input line 1.
LaTeX Font Info:    Font shape `T1/phv/b/n' will be
(Font)              scaled to size 10.40245pt on input line 1.
)
(content/00_frontpages/03_abstract.tex
pdfTeX warning (ext4): destination with the same identifier (name{page.ii}) has
 been already used, duplicate ignored
<to be read again> 
                   \relax 
l.1 \chapter
            *{Abstract} [2

]) (content/00_frontpages/04_zusammenfassung.tex
Overfull \hbox (11.57391pt too wide) in paragraph at lines 20--1
[]\T1/ppl/m/n/10.95 The eval-u-a-tion con-firms the suc-cess-ful ful-fill-ment 
of the out-lined func-tional and non-functional
 []

[3

]
Overfull \hbox (18.27092pt too wide) in paragraph at lines 4--11
\T1/ppl/m/n/10.95 Diese Ar-beit un-ter-sucht die In-te-gra-tion von Multi-Tenan
cy-Funktionalität in Cloud-Anwendungen
 []

) [4

] (main.toc
LaTeX Font Info:    Trying to load font information for OT1+ppl on input line 4
.

(/home/felipetrost/.miktex/texmfs/install/tex/latex/psnfss/ot1ppl.fd
File: ot1ppl.fd 2001/06/04 font definitions for OT1/ppl.
)
LaTeX Font Info:    Trying to load font information for OML+zplm on input line 
4.

(/home/felipetrost/.miktex/texmfs/install/tex/latex/psnfss/omlzplm.fd
File: omlzplm.fd 2002/09/08 Fontinst v1.914 font definitions for OML/zplm.
)
LaTeX Font Info:    Trying to load font information for OMS+zplm on input line 
4.

(/home/felipetrost/.miktex/texmfs/install/tex/latex/psnfss/omszplm.fd
File: omszplm.fd 2002/09/08 Fontinst v1.914 font definitions for OMS/zplm.
)
LaTeX Font Info:    Trying to load font information for OMX+zplm on input line 
4.

(/home/felipetrost/.miktex/texmfs/install/tex/latex/psnfss/omxzplm.fd
File: omxzplm.fd 2002/09/08 Fontinst v1.914 font definitions for OMX/zplm.
)
LaTeX Font Info:    Trying to load font information for OT1+zplm on input line 
4.

(/home/felipetrost/.miktex/texmfs/install/tex/latex/psnfss/ot1zplm.fd
File: ot1zplm.fd 2002/09/08 Fontinst v1.914 font definitions for OT1/zplm.
)
LaTeX Font Info:    Font shape `U/msa/m/n' will be
(Font)              scaled to size 11.40997pt on input line 4.
LaTeX Font Info:    Font shape `U/msa/m/n' will be
(Font)              scaled to size 8.33606pt on input line 4.
LaTeX Font Info:    Font shape `U/msa/m/n' will be
(Font)              scaled to size 6.25204pt on input line 4.
LaTeX Font Info:    Font shape `U/msb/m/n' will be
(Font)              scaled to size 11.40997pt on input line 4.
LaTeX Font Info:    Font shape `U/msb/m/n' will be
(Font)              scaled to size 8.33606pt on input line 4.
LaTeX Font Info:    Font shape `U/msb/m/n' will be
(Font)              scaled to size 6.25204pt on input line 4.
 [5

])
\tf@toc=\write6
\openout6 = `main.toc'.

<images/snet/snet_footer.png, id=145, 623.64026pt x 287.21095pt>
File: images/snet/snet_footer.png Graphic file (type png)
<use images/snet/snet_footer.png>
Package pdftex.def Info: images/snet/snet_footer.png  used on input line 194.
(pdftex.def)             Requested size: 54.629pt x 25.15543pt.

[6 <./images/snet/snet_footer.png>] (content/01_introduction.tex
chapter 1.

Class scrbook Warning: \float@addtolists detected!
(scrbook)              Implementation of \float@addtolist became
(scrbook)              deprecated in KOMA-Script v3.01 2008/11/14 and
(scrbook)              has been replaced by several more flexible
(scrbook)              features of package `tocbasic`.
(scrbook)              Since Version 3.12 support for deprecated
(scrbook)              \float@addtolist interface has been
(scrbook)              restricted to only some of the KOMA-Script
(scrbook)              features and been removed from others.
(scrbook)              Loading of package `scrhack' may help to
(scrbook)              avoid this warning, if you are using a
(scrbook)              a package that still implements the
(scrbook)              deprecated \float@addtolist interface.

<images/basic-cloud-services.drawio.png, id=189, 437.635pt x 303.1325pt>
File: images/basic-cloud-services.drawio.png Graphic file (type png)
<use images/basic-cloud-services.drawio.png>
Package pdftex.def Info: images/basic-cloud-services.drawio.png  used on input 
line 55.
(pdftex.def)             Requested size: 196.93393pt x 136.40836pt.
LaTeX Font Info:    Font shape `T1/phv/m/n' will be
(Font)              scaled to size 9.49997pt on input line 56.
LaTeX Font Info:    Font shape `T1/phv/b/n' will be
(Font)              scaled to size 9.49997pt on input line 56.
[1



]
<images/mt-cloud-services.png, id=195, 729.72626pt x 465.74pt>
File: images/mt-cloud-services.png Graphic file (type png)
<use images/mt-cloud-services.png>
Package pdftex.def Info: images/mt-cloud-services.png  used on input line 94.
(pdftex.def)             Requested size: 328.37378pt x 209.58105pt.
LaTeX Font Info:    Font shape `T1/phv/m/it' in size <10> not available
(Font)              Font shape `T1/phv/m/sl' tried instead on input line 96.
LaTeX Font Info:    Font shape `T1/phv/m/sl' will be
(Font)              scaled to size 9.49997pt on input line 96.

Underfull \vbox (badness 5403) has occurred while \output is active []

File: images/snet/snet_footer.png Graphic file (type png)
<use images/snet/snet_footer.png>
Package pdftex.def Info: images/snet/snet_footer.png  used on input line 107.
(pdftex.def)             Requested size: 54.629pt x 25.15543pt.
 [2 <./images/basic-cloud-services.drawio.png> <./images/mt-cloud-services.png>
]
<images/proceed-ms-modeling.png, id=207, 1148.29pt x 898.35625pt>
File: images/proceed-ms-modeling.png Graphic file (type png)
<use images/proceed-ms-modeling.png>
Package pdftex.def Info: images/proceed-ms-modeling.png  used on input line 131
.
(pdftex.def)             Requested size: 459.30786pt x 359.33614pt.

Overfull \hbox (4.06375pt too wide) in paragraph at lines 131--132
 [][] 
 []

<images/proceed-workspaces-v2.drawio.png, id=208, 603.25375pt x 493.845pt>
File: images/proceed-workspaces-v2.drawio.png Graphic file (type png)
<use images/proceed-workspaces-v2.drawio.png>
Package pdftex.def Info: images/proceed-workspaces-v2.drawio.png  used on input
 line 208.
(pdftex.def)             Requested size: 271.46167pt x 222.22818pt.

LaTeX Warning: `h' float specifier changed to `ht'.

[3 <./images/proceed-ms-modeling.png>]
Underfull \vbox (badness 10000) has occurred while \output is active []

File: images/snet/snet_footer.png Graphic file (type png)
<use images/snet/snet_footer.png>
Package pdftex.def Info: images/snet/snet_footer.png  used on input line 319.
(pdftex.def)             Requested size: 54.629pt x 25.15543pt.
 [4 <./images/proceed-workspaces-v2.drawio.png>]
Underfull \vbox (badness 2922) has occurred while \output is active []

 [5]
Underfull \vbox (badness 3557) has occurred while \output is active []

File: images/snet/snet_footer.png Graphic file (type png)
<use images/snet/snet_footer.png>
Package pdftex.def Info: images/snet/snet_footer.png  used on input line 478.
(pdftex.def)             Requested size: 54.629pt x 25.15543pt.
 [6])
(content/02_related_work.tex [7]
chapter 2.
[8

] [9]
File: images/basic-cloud-services.drawio.png Graphic file (type png)
<use images/basic-cloud-services.drawio.png>
Package pdftex.def Info: images/basic-cloud-services.drawio.png  used on input 
line 102.
(pdftex.def)             Requested size: 175.05089pt x 121.25084pt.
LaTeX Font Info:    Font shape `U/msa/m/n' will be
(Font)              scaled to size 9.37807pt on input line 170.
LaTeX Font Info:    Font shape `U/msa/m/n' will be
(Font)              scaled to size 7.29405pt on input line 170.
LaTeX Font Info:    Font shape `U/msa/m/n' will be
(Font)              scaled to size 5.21004pt on input line 170.
LaTeX Font Info:    Font shape `U/msb/m/n' will be
(Font)              scaled to size 9.37807pt on input line 170.
LaTeX Font Info:    Font shape `U/msb/m/n' will be
(Font)              scaled to size 7.29405pt on input line 170.
LaTeX Font Info:    Font shape `U/msb/m/n' will be
(Font)              scaled to size 5.21004pt on input line 170.
LaTeX Font Info:    Trying to load font information for T1+pcr on input line 17
0.
 (/home/felipetrost/.miktex/texmfs/install/tex/latex/psnfss/t1pcr.fd
File: t1pcr.fd 2001/06/04 font definitions for T1/pcr.
)
File: images/snet/snet_footer.png Graphic file (type png)
<use images/snet/snet_footer.png>
Package pdftex.def Info: images/snet/snet_footer.png  used on input line 180.
(pdftex.def)             Requested size: 54.629pt x 25.15543pt.

[10] [11]
Package hyperref Info: bookmark level for unknown lstlisting defaults to 0 on i
nput line 381.
File: images/snet/snet_footer.png Graphic file (type png)
<use images/snet/snet_footer.png>
Package pdftex.def Info: images/snet/snet_footer.png  used on input line 384.
(pdftex.def)             Requested size: 54.629pt x 25.15543pt.
 [12]) (content/03_concept_and_design.tex [13]
chapter 3.

Overfull \hbox (2.41618pt too wide) in paragraph at lines 35--39
\T1/ppl/m/n/10.95 phys-i-cal iso-la-tion. This model of-fers a high iso-la-tion
 level, how-ever it is resource-intensive
 []


Underfull \vbox (badness 10000) has occurred while \output is active []

 [14

]

LaTeX Warning: Reference `cha:ms-architecture:data-storage' on page 15 undefine
d on input line 64.

<images/users-accounts-relation.drawio.png, id=392, 372.39125pt x 91.34125pt>
File: images/users-accounts-relation.drawio.png Graphic file (type png)
<use images/users-accounts-relation.drawio.png>
Package pdftex.def Info: images/users-accounts-relation.drawio.png  used on inp
ut line 95.
(pdftex.def)             Requested size: 223.43646pt x 54.80516pt.

Underfull \hbox (badness 10000) in paragraph at lines 126--126
  [][][][]$\T1/pcr/m/n/9 https : / / microsoft . github . io / language -[] ser
ver -[] protocol / specifications / lsp / 3 . 17 /
 []

[15 <./images/users-accounts-relation.drawio.png>]
File: images/snet/snet_footer.png Graphic file (type png)
<use images/snet/snet_footer.png>
Package pdftex.def Info: images/snet/snet_footer.png  used on input line 192.
(pdftex.def)             Requested size: 54.629pt x 25.15543pt.
 [16]
Overfull \hbox (7.85982pt too wide) in paragraph at lines 217--219
[]\T1/ppl/m/n/10.95 Finding a node's de-scen-dants re-quires a re-cur-sive quer
y, how-ever, this is bounded
 []


Underfull \vbox (badness 1019) has occurred while \output is active []

 [17]
<./images/tree-map.drawio.png, id=415, 734.745pt x 524.96124pt>
File: ./images/tree-map.drawio.png Graphic file (type png)
<use ./images/tree-map.drawio.png>
Package pdftex.def Info: ./images/tree-map.drawio.png  used on input line 293.
(pdftex.def)             Requested size: 440.85039pt x 314.97917pt.

Underfull \vbox (badness 10000) has occurred while \output is active []

File: images/snet/snet_footer.png Graphic file (type png)
<use images/snet/snet_footer.png>
Package pdftex.def Info: images/snet/snet_footer.png  used on input line 296.
(pdftex.def)             Requested size: 54.629pt x 25.15543pt.
 [18]
Underfull \hbox (badness 10000) in paragraph at lines 313--314
[]|\T1/ppl/m/n/10.95 Materialized
 []

LaTeX Font Info:    Trying to load font information for OMS+ppl on input line 3
18.
(/home/felipetrost/.miktex/texmfs/install/tex/latex/psnfss/omsppl.fd
File: omsppl.fd 
)
LaTeX Font Info:    Font shape `OMS/ppl/m/n' in size <10.95> not available
(Font)              Font shape `OMS/cmsy/m/n' tried instead on input line 318.
 [19 <./images/tree-map.drawio.png>]
File: images/snet/snet_footer.png Graphic file (type png)
<use images/snet/snet_footer.png>
Package pdftex.def Info: images/snet/snet_footer.png  used on input line 454.
(pdftex.def)             Requested size: 54.629pt x 25.15543pt.
 [20] [21]
<./images/tree-roles.drawio.png, id=442, 2111.89pt x 887.315pt>
File: ./images/tree-roles.drawio.png Graphic file (type png)
<use ./images/tree-roles.drawio.png>
Package pdftex.def Info: ./images/tree-roles.drawio.png  used on input line 579
.
(pdftex.def)             Requested size: 422.37051pt x 177.45985pt.

Underfull \vbox (badness 10000) has occurred while \output is active []

File: images/snet/snet_footer.png Graphic file (type png)
<use images/snet/snet_footer.png>
Package pdftex.def Info: images/snet/snet_footer.png  used on input line 597.
(pdftex.def)             Requested size: 54.629pt x 25.15543pt.
 [22 <./images/tree-roles.drawio.png>] [23]) (content/04_implementation.tex
File: images/snet/snet_footer.png Graphic file (type png)
<use images/snet/snet_footer.png>
Package pdftex.def Info: images/snet/snet_footer.png  used on input line 1.
(pdftex.def)             Requested size: 54.629pt x 25.15543pt.
 [24]
chapter 4.

LaTeX Warning: Reference `' on page 25 undefined on input line 45.

[25

]
<images/fill-data-prompt.png, id=479, 532.99126pt x 398.48875pt>
File: images/fill-data-prompt.png Graphic file (type png)
<use images/fill-data-prompt.png>
Package pdftex.def Info: images/fill-data-prompt.png  used on input line 146.
(pdftex.def)             Requested size: 213.19272pt x 159.39267pt.

Underfull \vbox (badness 10000) has occurred while \output is active []

File: images/snet/snet_footer.png Graphic file (type png)
<use images/snet/snet_footer.png>
Package pdftex.def Info: images/snet/snet_footer.png  used on input line 151.
(pdftex.def)             Requested size: 54.629pt x 25.15543pt.
 [26]
[27 <./images/fill-data-prompt.png>]
File: images/snet/snet_footer.png Graphic file (type png)
<use images/snet/snet_footer.png>
Package pdftex.def Info: images/snet/snet_footer.png  used on input line 272.
(pdftex.def)             Requested size: 54.629pt x 25.15543pt.
 [28]

LaTeX Warning: Reference `cha:ms-architecture:data-storage' on page 29 undefine
d on input line 331.

[29]
<images/create-organization-ui.png, id=603, 993.7125pt x 587.19376pt>
File: images/create-organization-ui.png Graphic file (type png)
<use images/create-organization-ui.png>
Package pdftex.def Info: images/create-organization-ui.png  used on input line 
412.
(pdftex.def)             Requested size: 298.11604pt x 176.15948pt.

Underfull \vbox (badness 10000) has occurred while \output is active []

File: images/snet/snet_footer.png Graphic file (type png)
<use images/snet/snet_footer.png>
Package pdftex.def Info: images/snet/snet_footer.png  used on input line 417.
(pdftex.def)             Requested size: 54.629pt x 25.15543pt.
 [30]
Overfull \hbox (127.24222pt too wide) in paragraph at lines 447--452
\T1/ppl/m/n/10.95 The se-lected en-vi-ron-ment is en-coded in the URL's path li
ke this: [][][][][][][][][][][][][][][][][][][][][][][][][][][][][][][][][][][]
[]
 []

[31 <./images/create-organization-ui.png>]
<images/select-environment.png, id=638, 993.7125pt x 167.62625pt>
File: images/select-environment.png Graphic file (type png)
<use images/select-environment.png>
Package pdftex.def Info: images/select-environment.png  used on input line 479.

(pdftex.def)             Requested size: 298.11604pt x 50.28825pt.
File: images/snet/snet_footer.png Graphic file (type png)
<use images/snet/snet_footer.png>
Package pdftex.def Info: images/snet/snet_footer.png  used on input line 538.
(pdftex.def)             Requested size: 54.629pt x 25.15543pt.
 [32 <./images/select-environment.png>]
<images/role-permissions-view.png, id=672, 1242.6425pt x 1079.03125pt>
File: images/role-permissions-view.png Graphic file (type png)
<use images/role-permissions-view.png>
Package pdftex.def Info: images/role-permissions-view.png  used on input line 5
52.
(pdftex.def)             Requested size: 248.5241pt x 215.80243pt.

Overfull \hbox (3.63542pt too wide) in paragraph at lines 570--573
[]\T1/ppl/m/n/10.95 The func-tion [][][][][] was im-ple-mented in or-der to fa-
cil-i-tate get-ting a user's
 []

[33 <./images/role-permissions-view.png>]
Underfull \hbox (badness 10000) in paragraph at lines 595--595
  [][][][]$\T1/pcr/m/n/9 https : / / casl . js . org / v6 / en / advanced / cus
tomize -[] ability # custom -[] conditions -[] matcher -[]
 []

File: images/snet/snet_footer.png Graphic file (type png)
<use images/snet/snet_footer.png>
Package pdftex.def Info: images/snet/snet_footer.png  used on input line 653.
(pdftex.def)             Requested size: 54.629pt x 25.15543pt.
[34]
LaTeX Font Info:    Font shape `U/msa/m/n' will be
(Font)              scaled to size 10.42007pt on input line 699.
LaTeX Font Info:    Font shape `U/msa/m/n' will be
(Font)              scaled to size 7.91925pt on input line 699.
LaTeX Font Info:    Font shape `U/msb/m/n' will be
(Font)              scaled to size 10.42007pt on input line 699.
LaTeX Font Info:    Font shape `U/msb/m/n' will be
(Font)              scaled to size 7.91925pt on input line 699.

Overfull \hbox (106.1959pt too wide) in paragraph at lines 701--709
\T1/ppl/m/n/10.95 rule. When the role is as-so-ci-ated to a folder, the rules f
or pro-cesses and fold-ers, use [][][][][]
 []

) (content/05_evaluation.tex [35]
chapter 5.
[36

]
<images/../../figures/survey/1-changes-ms.png, id=777, 734.745pt x 240.9pt>
File: images/../../figures/survey/1-changes-ms.png Graphic file (type png)
<use images/../../figures/survey/1-changes-ms.png>
Package pdftex.def Info: images/../../figures/survey/1-changes-ms.png  used on 
input line 173.
(pdftex.def)             Requested size: 404.111pt x 132.49539pt.
 [37 <./images/../../figures/survey/1-changes-ms.png>]
<images/../../figures/survey/2-ui.png, id=785, 734.745pt x 240.9pt>
File: images/../../figures/survey/2-ui.png Graphic file (type png)
<use images/../../figures/survey/2-ui.png>
Package pdftex.def Info: images/../../figures/survey/2-ui.png  used on input li
ne 194.
(pdftex.def)             Requested size: 404.111pt x 132.49539pt.
<images/../../figures/survey/3.2-folder-structures.png, id=787, 734.745pt x 240
.9pt>
File: images/../../figures/survey/3.2-folder-structures.png Graphic file (type 
png)
<use images/../../figures/survey/3.2-folder-structures.png>
Package pdftex.def Info: images/../../figures/survey/3.2-folder-structures.png 
 used on input line 228.
(pdftex.def)             Requested size: 404.111pt x 132.49539pt.
File: images/snet/snet_footer.png Graphic file (type png)
<use images/snet/snet_footer.png>
Package pdftex.def Info: images/snet/snet_footer.png  used on input line 246.
(pdftex.def)             Requested size: 54.629pt x 25.15543pt.
 [38 <./images/../../figures/survey/2-ui.png> <./images/../../figures/survey/3.
2-folder-structures.png>]
<images/../../figures/survey/3.3-backend-permissions.png, id=797, 734.745pt x 2
40.9pt>
File: images/../../figures/survey/3.3-backend-permissions.png Graphic file (typ
e png)
<use images/../../figures/survey/3.3-backend-permissions.png>
Package pdftex.def Info: images/../../figures/survey/3.3-backend-permissions.pn
g  used on input line 249.
(pdftex.def)             Requested size: 404.111pt x 132.49539pt.
<images/../../figures/survey/3.4-frontend-permissions.png, id=799, 734.745pt x 
240.9pt>
File: images/../../figures/survey/3.4-frontend-permissions.png Graphic file (ty
pe png)
<use images/../../figures/survey/3.4-frontend-permissions.png>
Package pdftex.def Info: images/../../figures/survey/3.4-frontend-permissions.p
ng  used on input line 270.
(pdftex.def)             Requested size: 404.111pt x 132.49539pt.
) (content/06_conclusion.tex [39 <./images/../../figures/survey/3.3-backend-per
missions.png> <./images/../../figures/survey/3.4-frontend-permissions.png>]
chapter 6.
) [40

]
chapter without number
(main.lot)
\tf@lot=\write7
\openout7 = `main.lot'.

 [41



]
chapter without number
(main.lof
Underfull \vbox (badness 10000) has occurred while \output is active []

 [42

])
\tf@lof=\write8
\openout8 = `main.lof'.


[43]
*geometry* verbose mode - [ newgeometry ] result:
* driver: pdftex
* paper: a4paper
* layout: <same size as paper>
* layoutoffset:(h,v)=(0.0pt,0.0pt)
* modes: twoside 
* h-part:(L,W,R)=(56.9055pt, 483.69687pt, 56.9055pt)
* v-part:(T,H,B)=(101.40665pt, 629.82918pt, 113.81102pt)
* \paperwidth=597.50787pt
* \paperheight=845.04684pt
* \textwidth=483.69687pt
* \textheight=629.82918pt
* \oddsidemargin=-15.36449pt
* \evensidemargin=-15.36449pt
* \topmargin=-8.26335pt
* \headheight=17.0pt
* \headsep=20.40001pt
* \topskip=11.0pt
* \footskip=47.6pt
* \marginparwidth=54.2025pt
* \marginparsep=12.8401pt
* \columnsep=10.0pt
* \skip\footins=10.0pt plus 4.0pt minus 2.0pt
* \hoffset=0.0pt
* \voffset=0.0pt
* \mag=1000
* \@twocolumnfalse
* \@twosidetrue
* \@mparswitchtrue
* \@reversemarginfalse
* (1in=72.27pt=25.4mm, 1cm=28.453pt)

 (main.bbl
chapter without number
) [44


] [45




] [46] (content/99_appendices/a01_listings.tex
chapter without number
) [47

] (main.aux)
 ***********
LaTeX2e <2023-11-01> patch level 1
L3 programming layer <2020/03/25>
 ***********


LaTeX Warning: There were undefined references.


LaTeX Warning: There were multiply-defined labels.

Package rerunfilecheck Info: File `main.out' has not changed.
(rerunfilecheck)             Checksum: D41D8CD98F00B204E9800998ECF8427E;0.
 ) 
Here is how much of TeX's memory you used:
 35232 strings out of 476372
 675266 string characters out of 5793694
 2316995 words of memory out of 5000000
 56176 multiletter control sequences out of 15000+600000
 616596 words of font info for 142 fonts, out of 8000000 for 9000
 16 hyphenation exceptions out of 8191
 108i,17n,107p,10922b,2246s stack positions out of 10000i,1000n,20000p,200000b,200000s

pdfTeX warning (dest): name{subsection.3.2.1} has been referenced but does not 
exist, replaced by a fixed one

</home/felipetrost/.miktex/texmfs/install/fonts/type1/public/amsfonts/cm/cmsy10
.pfb></home/felipetrost/.miktex/texmfs/install/fonts/type1/public/amsfonts/latx
font/lcircle1.pfb></home/felipetrost/.miktex/texmfs/install/fonts/type1/public/
amsfonts/symbols/msam10.pfb></home/felipetrost/.miktex/texmfs/install/fonts/typ
e1/urw/courier/ucrb8a.pfb></home/felipetrost/.miktex/texmfs/install/fonts/type1
/urw/courier/ucrr8a.pfb></home/felipetrost/.miktex/texmfs/install/fonts/type1/u
rw/helvetic/uhvb8a.pfb></home/felipetrost/.miktex/texmfs/install/fonts/type1/ur
w/helvetic/uhvr8a.pfb></home/felipetrost/.miktex/texmfs/install/fonts/type1/urw
/helvetic/uhvro8a.pfb></home/felipetrost/.miktex/texmfs/install/fonts/type1/urw
/palatino/uplb8a.pfb></home/felipetrost/.miktex/texmfs/install/fonts/type1/urw/
palatino/uplr8a.pfb></home/felipetrost/.miktex/texmfs/install/fonts/type1/urw/p
alatino/uplr8a.pfb></home/felipetrost/.miktex/texmfs/install/fonts/type1/urw/pa
latino/uplri8a.pfb>
Output written on main.pdf (54 pages, 989665 bytes).
PDF statistics:
 1239 PDF objects out of 1440 (max. 8388607)
 489 named destinations out of 1000 (max. 500000)
 631 words of extra memory for PDF output out of 10000 (max. 10000000)

