This is pdfTeX, Version 3.141592653-2.6-1.40.25 (MiKTeX 23.12) (preloaded format=pdflatex 2024.2.20)  22 FEB 2024 20:08
entering extended mode
 restricted \write18 enabled.
 %&-line parsing enabled.
**main.tex
(/home/felipetrost/.miktex/texmfs/install/tex/latex/tools/q.tex
! Interruption.
<to be read again> 
                   \immediate 
l.1 
    %%
? 
LaTeX2e <2023-11-01> patch level 1
L3 programming layer <2024-02-13>
File ignored
)
! Emergency stop.
<*> main.tex
            
*** (job aborted, no legal \end found)

 
Here is how much of TeX's memory you used:
 19 strings out of 476372
 485 string characters out of 5793693
 1924995 words of memory out of 5000000
 22194 multiletter control sequences out of 15000+600000
 558069 words of font info for 36 fonts, out of 8000000 for 9000
 14 hyphenation exceptions out of 8191
 12i,0n,13p,88b,8s stack positions out of 10000i,1000n,20000p,200000b,200000s
!  ==> Fatal error occurred, no output PDF file produced!
